# JRE version: Java(TM) SE Runtime Environment (7.0_79-b15) (build 1.7.0_79-b15)
# Java VM: Java HotSpot(TM) Client VM (24.79-b02 mixed mode windows-x86 )
Heap
 def new generation   total 4928K, used 4416K [0x04000000, 0x04550000, 0x09550000)
  eden space 4416K, 100% used [0x04000000, 0x04450000, 0x04450000)
  from space 512K,   0% used [0x044d0000, 0x044d01f8, 0x04550000)
  to   space 512K,   0% used [0x04450000, 0x04450000, 0x044d0000)
 tenured generation   total 10944K, used 5326K [0x09550000, 0x0a000000, 0x14000000)
   the space 10944K,  48% used [0x09550000, 0x09a83a78, 0x09a83c00, 0x0a000000)
 compacting perm gen  total 12288K, used 9749K [0x14000000, 0x14c00000, 0x18000000)
   the space 12288K,  79% used [0x14000000, 0x14985648, 0x14985800, 0x14c00000)
GC Heap History (10 events):
Event: 1303.953 GC heap before
{Heap before GC invocations=38 (full 0):
 def new generation   total 4928K, used 4454K [0x04000000, 0x04550000, 0x09550000)
  eden space 4416K, 100% used [0x04000000, 0x04450000, 0x04450000)
  from space 512K,   7% used [0x04450000, 0x04459970, 0x044d0000)
  to   space 512K,   0% used [0x044d0000, 0x044d0000, 0x04550000)
 tenured generation   total 10944K, used 5326K [0x09550000, 0x0a000000, 0x14000000)
   the space 10944K,  48% used [0x09550000, 0x09a83a78, 0x09a83c00, 0x0a000000)
 compacting perm gen  total 12288K, used 9749K [0x14000000, 0x14c00000, 0x18000000)
   the space 12288K,  79% used [0x14000000, 0x149855b8, 0x14985600, 0x14c00000)
No shared spaces configured.
Event: 1303.955 GC heap after
Heap after GC invocations=39 (full 0):
 def new generation   total 4928K, used 38K [0x04000000, 0x04550000, 0x09550000)
  eden space 4416K,   0% used [0x04000000, 0x04000000, 0x04450000)
  from space 512K,   7% used [0x044d0000, 0x044d9950, 0x04550000)
  to   space 512K,   0% used [0x04450000, 0x04450000, 0x044d0000)
 tenured generation   total 10944K, used 5326K [0x09550000, 0x0a000000, 0x14000000)
   the space 10944K,  48% used [0x09550000, 0x09a83a78, 0x09a83c00, 0x0a000000)
 compacting perm gen  total 12288K, used 9749K [0x14000000, 0x14c00000, 0x18000000)
   the space 12288K,  79% used [0x14000000, 0x149855b8, 0x14985600, 0x14c00000)
No shared spaces configured.
}
Event: 1349.806 GC heap before
{Heap before GC invocations=39 (full 0):
 def new generation   total 4928K, used 4454K [0x04000000, 0x04550000, 0x09550000)
  eden space 4416K, 100% used [0x04000000, 0x04450000, 0x04450000)
  from space 512K,   7% used [0x044d0000, 0x044d9950, 0x04550000)
  to   space 512K,   0% used [0x04450000, 0x04450000, 0x044d0000)
 tenured generation   total 10944K, used 5326K [0x09550000, 0x0a000000, 0x14000000)
   the space 10944K,  48% used [0x09550000, 0x09a83a78, 0x09a83c00, 0x0a000000)
 compacting perm gen  total 12288K, used 9749K [0x14000000, 0x14c00000, 0x18000000)
   the space 12288K,  79% used [0x14000000, 0x149855c8, 0x14985600, 0x14c00000)
No shared spaces configured.
Event: 1349.808 GC heap after
Heap after GC invocations=40 (full 0):
 def new generation   total 4928K, used 38K [0x04000000, 0x04550000, 0x09550000)
  eden space 4416K,   0% used [0x04000000, 0x04000000, 0x04450000)
  from space 512K,   7% used [0x04450000, 0x044599b0, 0x044d0000)
  to   space 512K,   0% used [0x044d0000, 0x044d0000, 0x04550000)
 tenured generation   total 10944K, used 5326K [0x09550000, 0x0a000000, 0x14000000)
   the space 10944K,  48% used [0x09550000, 0x09a83a78, 0x09a83c00, 0x0a000000)
 compacting perm gen  total 12288K, used 9749K [0x14000000, 0x14c00000, 0x18000000)
   the space 12288K,  79% used [0x14000000, 0x149855c8, 0x14985600, 0x14c00000)
No shared spaces configured.
}
Event: 1403.422 GC heap before
{Heap before GC invocations=40 (full 0):
 def new generation   total 4928K, used 4454K [0x04000000, 0x04550000, 0x09550000)
  eden space 4416K, 100% used [0x04000000, 0x04450000, 0x04450000)
  from space 512K,   7% used [0x04450000, 0x044599b0, 0x044d0000)
  to   space 512K,   0% used [0x044d0000, 0x044d0000, 0x04550000)
 tenured generation   total 10944K, used 5326K [0x09550000, 0x0a000000, 0x14000000)
   the space 10944K,  48% used [0x09550000, 0x09a83a78, 0x09a83c00, 0x0a000000)
 compacting perm gen  total 12288K, used 9749K [0x14000000, 0x14c00000, 0x18000000)
   the space 12288K,  79% used [0x14000000, 0x149855c8, 0x14985600, 0x14c00000)
No shared spaces configured.
Event: 1403.423 GC heap after
Heap after GC invocations=41 (full 0):
 def new generation   total 4928K, used 36K [0x04000000, 0x04550000, 0x09550000)
  eden space 4416K,   0% used [0x04000000, 0x04000000, 0x04450000)
  from space 512K,   7% used [0x044d0000, 0x044d9178, 0x04550000)
  to   space 512K,   0% used [0x04450000, 0x04450000, 0x044d0000)
 tenured generation   total 10944K, used 5326K [0x09550000, 0x0a000000, 0x14000000)
   the space 10944K,  48% used [0x09550000, 0x09a83a78, 0x09a83c00, 0x0a000000)
 compacting perm gen  total 12288K, used 9749K [0x14000000, 0x14c00000, 0x18000000)
   the space 12288K,  79% used [0x14000000, 0x149855c8, 0x14985600, 0x14c00000)
No shared spaces configured.
}
Event: 1457.484 GC heap before
{Heap before GC invocations=41 (full 0):
 def new generation   total 4928K, used 4452K [0x04000000, 0x04550000, 0x09550000)
  eden space 4416K, 100% used [0x04000000, 0x04450000, 0x04450000)
  from space 512K,   7% used [0x044d0000, 0x044d9178, 0x04550000)
  to   space 512K,   0% used [0x04450000, 0x04450000, 0x044d0000)
 tenured generation   total 10944K, used 5326K [0x09550000, 0x0a000000, 0x14000000)
   the space 10944K,  48% used [0x09550000, 0x09a83a78, 0x09a83c00, 0x0a000000)
 compacting perm gen  total 12288K, used 9749K [0x14000000, 0x14c00000, 0x18000000)
   the space 12288K,  79% used [0x14000000, 0x149855c8, 0x14985600, 0x14c00000)
No shared spaces configured.
Event: 1457.485 GC heap after
Heap after GC invocations=42 (full 0):
 def new generation   total 4928K, used 36K [0x04000000, 0x04550000, 0x09550000)
  eden space 4416K,   0% used [0x04000000, 0x04000000, 0x04450000)
  from space 512K,   7% used [0x04450000, 0x04459178, 0x044d0000)
  to   space 512K,   0% used [0x044d0000, 0x044d0000, 0x04550000)
 tenured generation   total 10944K, used 5326K [0x09550000, 0x0a000000, 0x14000000)
   the space 10944K,  48% used [0x09550000, 0x09a83a78, 0x09a83c00, 0x0a000000)
 compacting perm gen  total 12288K, used 9749K [0x14000000, 0x14c00000, 0x18000000)
   the space 12288K,  79% used [0x14000000, 0x149855c8, 0x14985600, 0x14c00000)
No shared spaces configured.
}
Event: 1511.532 GC heap before
{Heap before GC invocations=42 (full 0):
 def new generation   total 4928K, used 4434K [0x04000000, 0x04550000, 0x09550000)
  eden space 4416K,  99% used [0x04000000, 0x0444b9c0, 0x04450000)
  from space 512K,   7% used [0x04450000, 0x04459178, 0x044d0000)
  to   space 512K,   0% used [0x044d0000, 0x044d0000, 0x04550000)
 tenured generation   total 10944K, used 5326K [0x09550000, 0x0a000000, 0x14000000)
   the space 10944K,  48% used [0x09550000, 0x09a83a78, 0x09a83c00, 0x0a000000)
 compacting perm gen  total 12288K, used 9749K [0x14000000, 0x14c00000, 0x18000000)
   the space 12288K,  79% used [0x14000000, 0x149855c8, 0x14985600, 0x14c00000)
No shared spaces configured.
Event: 1511.533 GC heap after
Heap after GC invocations=43 (full 0):
 def new generation   total 4928K, used 0K [0x04000000, 0x04550000, 0x09550000)
  eden space 4416K,   0% used [0x04000000, 0x04000000, 0x04450000)
  from space 512K,   0% used [0x044d0000, 0x044d01f8, 0x04550000)
  to   space 512K,   0% used [0x04450000, 0x04450000, 0x044d0000)
 tenured generation   total 10944K, used 5326K [0x09550000, 0x0a000000, 0x14000000)
   the space 10944K,  48% used [0x09550000, 0x09a83a78, 0x09a83c00, 0x0a000000)
 compacting perm gen  total 12288K, used 9749K [0x14000000, 0x14c00000, 0x18000000)
   the space 12288K,  79% used [0x14000000, 0x149855c8, 0x14985600, 0x14c00000)
No shared spaces configured.
}

